\\psf\home\documents\c++\file management system\fms\fms\release\vc120.pdb
\\psf\home\documents\c++\file management system\fms\fms\release\volumeheader.obj
\\psf\home\documents\c++\file management system\fms\fms\release\student.obj
\\psf\home\documents\c++\file management system\fms\fms\release\sector.obj
\\psf\home\documents\c++\file management system\fms\fms\release\functions.obj
\\psf\home\documents\c++\file management system\fms\fms\release\fileheader.obj
\\psf\home\documents\c++\file management system\fms\fms\release\fcb.obj
\\psf\home\documents\c++\file management system\fms\fms\release\dms.obj
\\psf\home\documents\c++\file management system\fms\fms\release\disk.obj
\\psf\home\documents\c++\file management system\fms\fms\release\dir.obj
\\psf\home\documents\c++\file management system\fms\fms\release\dat.obj
\\psf\home\documents\c++\file management system\fms\release\fms.lib
\\psf\home\documents\c++\file management system\fms\release\fms.exp
\\psf\home\documents\c++\file management system\fms\release\fms.dll
\\psf\home\documents\c++\file management system\fms\release\fms.pdb
\\psf\home\documents\c++\file management system\fms\fms\release\fms.tlog\cl.command.1.tlog
\\psf\home\documents\c++\file management system\fms\fms\release\fms.tlog\cl.read.1.tlog
\\psf\home\documents\c++\file management system\fms\fms\release\fms.tlog\cl.write.1.tlog
\\psf\home\documents\c++\file management system\fms\fms\release\fms.tlog\fms.write.1u.tlog
\\psf\home\documents\c++\file management system\fms\fms\release\fms.tlog\link.command.1.tlog
\\psf\home\documents\c++\file management system\fms\fms\release\fms.tlog\link.read.1.tlog
\\psf\home\documents\c++\file management system\fms\fms\release\fms.tlog\link.write.1.tlog
