C:\USERS\NAFTALI\APPDATA\ROAMING\LOCAL LIBRARIES\LOCAL DOCUMENTS\VISUAL STUDIO 2012\PROJECTS\FILE MANAGEMENT PROJECT\FMS\FMS\GUI\DEBUG\STUDENTRECORDSDIALOG.OBJ
C:\USERS\NAFTALI\APPDATA\ROAMING\LOCAL LIBRARIES\LOCAL DOCUMENTS\VISUAL STUDIO 2012\PROJECTS\FILE MANAGEMENT PROJECT\FMS\FMS\GUI\DEBUG\SEEKRECDIALOG.OBJ
C:\USERS\NAFTALI\APPDATA\ROAMING\LOCAL LIBRARIES\LOCAL DOCUMENTS\VISUAL STUDIO 2012\PROJECTS\FILE MANAGEMENT PROJECT\FMS\FMS\GUI\DEBUG\SECTORDIALOG.OBJ
C:\USERS\NAFTALI\APPDATA\ROAMING\LOCAL LIBRARIES\LOCAL DOCUMENTS\VISUAL STUDIO 2012\PROJECTS\FILE MANAGEMENT PROJECT\FMS\FMS\GUI\DEBUG\QVHDLISTMODEL.OBJ
C:\USERS\NAFTALI\APPDATA\ROAMING\LOCAL LIBRARIES\LOCAL DOCUMENTS\VISUAL STUDIO 2012\PROJECTS\FILE MANAGEMENT PROJECT\FMS\FMS\GUI\DEBUG\QSTUDENTRECORDLISTMODEL.OBJ
C:\USERS\NAFTALI\APPDATA\ROAMING\LOCAL LIBRARIES\LOCAL DOCUMENTS\VISUAL STUDIO 2012\PROJECTS\FILE MANAGEMENT PROJECT\FMS\FMS\GUI\DEBUG\QFILELISTMODEL.OBJ
C:\USERS\NAFTALI\APPDATA\ROAMING\LOCAL LIBRARIES\LOCAL DOCUMENTS\VISUAL STUDIO 2012\PROJECTS\FILE MANAGEMENT PROJECT\FMS\FMS\GUI\DEBUG\QDIRTABLEMODEL.OBJ
C:\USERS\NAFTALI\APPDATA\ROAMING\LOCAL LIBRARIES\LOCAL DOCUMENTS\VISUAL STUDIO 2012\PROJECTS\FILE MANAGEMENT PROJECT\FMS\FMS\GUI\DEBUG\QDIRLISTMODEL.OBJ
C:\USERS\NAFTALI\APPDATA\ROAMING\LOCAL LIBRARIES\LOCAL DOCUMENTS\VISUAL STUDIO 2012\PROJECTS\FILE MANAGEMENT PROJECT\FMS\FMS\GUI\DEBUG\MAIN.OBJ
C:\USERS\NAFTALI\APPDATA\ROAMING\LOCAL LIBRARIES\LOCAL DOCUMENTS\VISUAL STUDIO 2012\PROJECTS\FILE MANAGEMENT PROJECT\FMS\FMS\GUI\DEBUG\GUI.OBJ
C:\USERS\NAFTALI\APPDATA\ROAMING\LOCAL LIBRARIES\LOCAL DOCUMENTS\VISUAL STUDIO 2012\PROJECTS\FILE MANAGEMENT PROJECT\FMS\FMS\GUI\DEBUG\MOC_UPLOADFILEDIALOG.OBJ
C:\USERS\NAFTALI\APPDATA\ROAMING\LOCAL LIBRARIES\LOCAL DOCUMENTS\VISUAL STUDIO 2012\PROJECTS\FILE MANAGEMENT PROJECT\FMS\FMS\GUI\DEBUG\MOC_STUDENTRECORDSDIALOG.OBJ
C:\USERS\NAFTALI\APPDATA\ROAMING\LOCAL LIBRARIES\LOCAL DOCUMENTS\VISUAL STUDIO 2012\PROJECTS\FILE MANAGEMENT PROJECT\FMS\FMS\GUI\DEBUG\MOC_SEEKRECDIALOG.OBJ
C:\USERS\NAFTALI\APPDATA\ROAMING\LOCAL LIBRARIES\LOCAL DOCUMENTS\VISUAL STUDIO 2012\PROJECTS\FILE MANAGEMENT PROJECT\FMS\FMS\GUI\DEBUG\MOC_SECTORDIALOG.OBJ
C:\USERS\NAFTALI\APPDATA\ROAMING\LOCAL LIBRARIES\LOCAL DOCUMENTS\VISUAL STUDIO 2012\PROJECTS\FILE MANAGEMENT PROJECT\FMS\FMS\GUI\DEBUG\MOC_QVHDLISTMODEL.OBJ
C:\USERS\NAFTALI\APPDATA\ROAMING\LOCAL LIBRARIES\LOCAL DOCUMENTS\VISUAL STUDIO 2012\PROJECTS\FILE MANAGEMENT PROJECT\FMS\FMS\GUI\DEBUG\MOC_QSTUDENTRECORDLISTMODEL.OBJ
C:\USERS\NAFTALI\APPDATA\ROAMING\LOCAL LIBRARIES\LOCAL DOCUMENTS\VISUAL STUDIO 2012\PROJECTS\FILE MANAGEMENT PROJECT\FMS\FMS\GUI\DEBUG\MOC_QFILELISTMODEL.OBJ
C:\USERS\NAFTALI\APPDATA\ROAMING\LOCAL LIBRARIES\LOCAL DOCUMENTS\VISUAL STUDIO 2012\PROJECTS\FILE MANAGEMENT PROJECT\FMS\FMS\GUI\DEBUG\MOC_QDIRTABLEMODEL.OBJ
C:\USERS\NAFTALI\APPDATA\ROAMING\LOCAL LIBRARIES\LOCAL DOCUMENTS\VISUAL STUDIO 2012\PROJECTS\FILE MANAGEMENT PROJECT\FMS\FMS\GUI\DEBUG\MOC_QDIRLISTMODEL.OBJ
C:\USERS\NAFTALI\APPDATA\ROAMING\LOCAL LIBRARIES\LOCAL DOCUMENTS\VISUAL STUDIO 2012\PROJECTS\FILE MANAGEMENT PROJECT\FMS\FMS\GUI\DEBUG\MOC_GUI.OBJ
C:\USERS\NAFTALI\APPDATA\ROAMING\LOCAL LIBRARIES\LOCAL DOCUMENTS\VISUAL STUDIO 2012\PROJECTS\FILE MANAGEMENT PROJECT\FMS\FMS\GUI\DEBUG\UPLOADFILEDIALOG.OBJ
C:\USERS\NAFTALI\APPDATA\ROAMING\LOCAL LIBRARIES\LOCAL DOCUMENTS\VISUAL STUDIO 2012\PROJECTS\FILE MANAGEMENT PROJECT\FMS\FMS\GUI\DEBUG\VC110.PDB
C:\USERS\NAFTALI\APPDATA\ROAMING\LOCAL LIBRARIES\LOCAL DOCUMENTS\VISUAL STUDIO 2012\PROJECTS\FILE MANAGEMENT PROJECT\FMS\FMS\GUI\DEBUG\QDATTYPETABLEMODEL.OBJ
C:\USERS\NAFTALI\APPDATA\ROAMING\LOCAL LIBRARIES\LOCAL DOCUMENTS\VISUAL STUDIO 2012\PROJECTS\FILE MANAGEMENT PROJECT\FMS\FMS\GUI\DEBUG\MOC_QDATTYPETABLEMODEL.OBJ
C:\USERS\NAFTALI\APPDATA\ROAMING\LOCAL LIBRARIES\LOCAL DOCUMENTS\VISUAL STUDIO 2012\PROJECTS\FILE MANAGEMENT PROJECT\FMS\FMS\GUI\DEBUG\QLOCATIONARRAYTABLEMODEL.OBJ
C:\USERS\NAFTALI\APPDATA\ROAMING\LOCAL LIBRARIES\LOCAL DOCUMENTS\VISUAL STUDIO 2012\PROJECTS\FILE MANAGEMENT PROJECT\FMS\FMS\GUI\DEBUG\MOC_QLOCATIONARRAYTABLEMODEL.OBJ
C:\USERS\NAFTALI\APPDATA\ROAMING\LOCAL LIBRARIES\LOCAL DOCUMENTS\VISUAL STUDIO 2012\PROJECTS\FILE MANAGEMENT PROJECT\FMS\FMS\GUI\DEBUG\QRC_GUI.OBJ
C:\USERS\NAFTALI\APPDATA\ROAMING\LOCAL LIBRARIES\LOCAL DOCUMENTS\VISUAL STUDIO 2012\PROJECTS\FILE MANAGEMENT PROJECT\FMS\FMS\DEBUG\GUI.PDB
C:\USERS\NAFTALI\APPDATA\ROAMING\LOCAL LIBRARIES\LOCAL DOCUMENTS\VISUAL STUDIO 2012\PROJECTS\FILE MANAGEMENT PROJECT\FMS\FMS\GUI\DEBUG\GUI.RES
\\psf\Home\Desktop\File Management System\Fms\Gui\Debug\Gui.vcxprojResolveAssemblyReference.cache
\\psf\Home\Desktop\File Management System\Fms\Gui\Debug\gui.obj
\\psf\Home\Desktop\File Management System\Fms\Gui\Debug\main.obj
\\psf\Home\Desktop\File Management System\Fms\Gui\Debug\moc_gui.obj
\\psf\Home\Desktop\File Management System\Fms\Gui\Debug\moc_QDatTypeTableModel.obj
\\psf\Home\Desktop\File Management System\Fms\Gui\Debug\moc_QDirListModel.obj
\\psf\Home\Desktop\File Management System\Fms\Gui\Debug\moc_QDirTableModel.obj
\\psf\Home\Desktop\File Management System\Fms\Gui\Debug\moc_QFileListModel.obj
\\psf\Home\Desktop\File Management System\Fms\Gui\Debug\moc_QLocationArrayTableModel.obj
\\psf\Home\Desktop\File Management System\Fms\Gui\Debug\moc_QStudentRecordListModel.obj
\\psf\Home\Desktop\File Management System\Fms\Gui\Debug\moc_QVhdListModel.obj
\\psf\Home\Desktop\File Management System\Fms\Gui\Debug\moc_sectordialog.obj
\\psf\Home\Desktop\File Management System\Fms\Gui\Debug\moc_seekrecdialog.obj
\\psf\Home\Desktop\File Management System\Fms\Gui\Debug\moc_studentrecordsdialog.obj
\\psf\Home\Desktop\File Management System\Fms\Gui\Debug\moc_uploadfiledialog.obj
\\psf\Home\Desktop\File Management System\Fms\Gui\Debug\QDatTypeTableModel.obj
\\psf\Home\Desktop\File Management System\Fms\Gui\Debug\QDirListModel.obj
\\psf\Home\Desktop\File Management System\Fms\Gui\Debug\QDirTableModel.obj
\\psf\Home\Desktop\File Management System\Fms\Gui\Debug\QFileListModel.obj
\\psf\Home\Desktop\File Management System\Fms\Gui\Debug\QLocationArrayTableModel.obj
\\psf\Home\Desktop\File Management System\Fms\Gui\Debug\qrc_gui.obj
\\psf\Home\Desktop\File Management System\Fms\Gui\Debug\QStudentRecordListModel.obj
\\psf\Home\Desktop\File Management System\Fms\Gui\Debug\QVhdListModel.obj
\\psf\Home\Desktop\File Management System\Fms\Gui\Debug\sectordialog.obj
\\psf\Home\Desktop\File Management System\Fms\Gui\Debug\seekrecdialog.obj
\\psf\Home\Desktop\File Management System\Fms\Gui\Debug\studentrecordsdialog.obj
\\psf\Home\Desktop\File Management System\Fms\Gui\Debug\uploadfiledialog.obj
\\psf\Home\Desktop\File Management System\Fms\Gui\Debug\cl.command.1.tlog
\\psf\Home\Desktop\File Management System\Fms\Gui\Debug\CL.read.1.tlog
\\psf\Home\Desktop\File Management System\Fms\Gui\Debug\CL.write.1.tlog
\\psf\Home\Desktop\File Management System\Fms\Gui\Debug\custombuild.command.1.tlog
\\psf\Home\Desktop\File Management System\Fms\Gui\Debug\custombuild.read.1.tlog
\\psf\Home\Desktop\File Management System\Fms\Gui\Debug\custombuild.write.1.tlog
\\psf\Home\Desktop\File Management System\Fms\Gui\Debug\link-cvtres.read.1.tlog
\\psf\Home\Desktop\File Management System\Fms\Gui\Debug\link-cvtres.write.1.tlog
\\psf\Home\Desktop\File Management System\Fms\Gui\Debug\link-rc.read.1.tlog
\\psf\Home\Desktop\File Management System\Fms\Gui\Debug\link-rc.write.1.tlog
\\psf\Home\Desktop\File Management System\Fms\Gui\Debug\link.1644-cvtres.read.1.tlog
\\psf\Home\Desktop\File Management System\Fms\Gui\Debug\link.1644-cvtres.write.1.tlog
\\psf\Home\Desktop\File Management System\Fms\Gui\Debug\link.1644-rc.read.1.tlog
\\psf\Home\Desktop\File Management System\Fms\Gui\Debug\link.1644-rc.write.1.tlog
\\psf\Home\Desktop\File Management System\Fms\Gui\Debug\link.1644.read.1.tlog
\\psf\Home\Desktop\File Management System\Fms\Gui\Debug\link.1644.write.1.tlog
\\psf\Home\Desktop\File Management System\Fms\Gui\Debug\link.212-cvtres.read.1.tlog
\\psf\Home\Desktop\File Management System\Fms\Gui\Debug\link.212-cvtres.write.1.tlog
\\psf\Home\Desktop\File Management System\Fms\Gui\Debug\link.212-rc.read.1.tlog
\\psf\Home\Desktop\File Management System\Fms\Gui\Debug\link.212-rc.write.1.tlog
\\psf\Home\Desktop\File Management System\Fms\Gui\Debug\link.212.read.1.tlog
\\psf\Home\Desktop\File Management System\Fms\Gui\Debug\link.212.write.1.tlog
\\psf\Home\Desktop\File Management System\Fms\Gui\Debug\link.236-cvtres.read.1.tlog
\\psf\Home\Desktop\File Management System\Fms\Gui\Debug\link.236-cvtres.write.1.tlog
\\psf\Home\Desktop\File Management System\Fms\Gui\Debug\link.236-rc.read.1.tlog
\\psf\Home\Desktop\File Management System\Fms\Gui\Debug\link.236-rc.write.1.tlog
\\psf\Home\Desktop\File Management System\Fms\Gui\Debug\link.236.read.1.tlog
\\psf\Home\Desktop\File Management System\Fms\Gui\Debug\link.236.write.1.tlog
\\psf\Home\Desktop\File Management System\Fms\Gui\Debug\link.3316-cvtres.read.1.tlog
\\psf\Home\Desktop\File Management System\Fms\Gui\Debug\link.3316-cvtres.write.1.tlog
\\psf\Home\Desktop\File Management System\Fms\Gui\Debug\link.3316-rc.read.1.tlog
\\psf\Home\Desktop\File Management System\Fms\Gui\Debug\link.3316-rc.write.1.tlog
\\psf\Home\Desktop\File Management System\Fms\Gui\Debug\link.3316.read.1.tlog
\\psf\Home\Desktop\File Management System\Fms\Gui\Debug\link.3316.write.1.tlog
\\psf\Home\Desktop\File Management System\Fms\Gui\Debug\link.3364-cvtres.read.1.tlog
\\psf\Home\Desktop\File Management System\Fms\Gui\Debug\link.3364-cvtres.write.1.tlog
\\psf\Home\Desktop\File Management System\Fms\Gui\Debug\link.3364-rc.read.1.tlog
\\psf\Home\Desktop\File Management System\Fms\Gui\Debug\link.3364-rc.write.1.tlog
\\psf\Home\Desktop\File Management System\Fms\Gui\Debug\link.3364.read.1.tlog
\\psf\Home\Desktop\File Management System\Fms\Gui\Debug\link.3364.write.1.tlog
\\psf\Home\Desktop\File Management System\Fms\Gui\Debug\link.4524-cvtres.read.1.tlog
\\psf\Home\Desktop\File Management System\Fms\Gui\Debug\link.4524-cvtres.write.1.tlog
\\psf\Home\Desktop\File Management System\Fms\Gui\Debug\link.4524-rc.read.1.tlog
\\psf\Home\Desktop\File Management System\Fms\Gui\Debug\link.4524-rc.write.1.tlog
\\psf\Home\Desktop\File Management System\Fms\Gui\Debug\link.4524.read.1.tlog
\\psf\Home\Desktop\File Management System\Fms\Gui\Debug\link.4524.write.1.tlog
\\psf\Home\Desktop\File Management System\Fms\Gui\Debug\link.4680-cvtres.read.1.tlog
\\psf\Home\Desktop\File Management System\Fms\Gui\Debug\link.4680-cvtres.write.1.tlog
\\psf\Home\Desktop\File Management System\Fms\Gui\Debug\link.4680-rc.read.1.tlog
\\psf\Home\Desktop\File Management System\Fms\Gui\Debug\link.4680-rc.write.1.tlog
\\psf\Home\Desktop\File Management System\Fms\Gui\Debug\link.4680.read.1.tlog
\\psf\Home\Desktop\File Management System\Fms\Gui\Debug\link.4680.write.1.tlog
\\psf\Home\Desktop\File Management System\Fms\Gui\Debug\link.4812-cvtres.read.1.tlog
\\psf\Home\Desktop\File Management System\Fms\Gui\Debug\link.4812-cvtres.write.1.tlog
\\psf\Home\Desktop\File Management System\Fms\Gui\Debug\link.4812-rc.read.1.tlog
\\psf\Home\Desktop\File Management System\Fms\Gui\Debug\link.4812-rc.write.1.tlog
\\psf\Home\Desktop\File Management System\Fms\Gui\Debug\link.4812.read.1.tlog
\\psf\Home\Desktop\File Management System\Fms\Gui\Debug\link.4812.write.1.tlog
\\psf\Home\Desktop\File Management System\Fms\Gui\Debug\link.command.1.tlog
\\psf\Home\Desktop\File Management System\Fms\Gui\Debug\link.read.1.tlog
\\psf\Home\Desktop\File Management System\Fms\Gui\Debug\link.write.1.tlog
\\psf\Home\Desktop\File Management System\Fms\Gui\Debug\rc.command.1.tlog
\\psf\Home\Desktop\File Management System\Fms\Gui\Debug\rc.read.1.tlog
\\psf\Home\Desktop\File Management System\Fms\Gui\Debug\rc.write.1.tlog
\\psf\Home\Desktop\File Management System\Fms\Gui\Debug\Gui.res
\\psf\Home\Desktop\File Management System\Fms\Gui\Debug\vc110.pdb
\\psf\Home\Desktop\File Management System\Fms\\Debug\Gui.pdb
\\psf\Home\Desktop\File Management System\Fms\\Debug\Gui.exe
\\psf\Home\Desktop\File Management System\Fms\\Debug\Gui.ilk
