  '\\psf\Home\Documents\C++\File Management System\Fms\Gui'
  CMD.EXE was started with the above path as the current directory.
  UNC paths are not supported.  Defaulting to Windows directory.
  Rcc'ing gui.qrc...
  Unable to open .\GeneratedFiles\qrc_gui.cpp for writing: The system cannot find the path specified.
  
  Uic'ing uploadfiledialog.ui...
  Could not create output file
  Uic'ing studentrecordsdialog.ui...
  Could not create output file
  Uic'ing sectordialog.ui...
  Could not create output file
  Uic'ing seekrecdialog.ui...
  Could not create output file
  Uic'ing gui.ui...
  Could not create output file
  Moc'ing QLocationArrayTableModel.h...
  moc: Cannot create .\GeneratedFiles\Release\moc_QLocationArrayTableModel.cpp
  Moc'ing QDatTypeTableModel.h...
  moc: Cannot create .\GeneratedFiles\Release\moc_QDatTypeTableModel.cpp
  Moc'ing gui.h...
  moc: Cannot create .\GeneratedFiles\Release\moc_gui.cpp
  Moc'ing seekrecdialog.h...
  moc: Cannot create .\GeneratedFiles\Release\moc_seekrecdialog.cpp
  Moc'ing sectordialog.h...
  moc: Cannot create .\GeneratedFiles\Release\moc_sectordialog.cpp
  Moc'ing studentrecordsdialog.h...
  moc: Cannot create .\GeneratedFiles\Release\moc_studentrecordsdialog.cpp
  Moc'ing uploadfiledialog.h...
  moc: Cannot create .\GeneratedFiles\Release\moc_uploadfiledialog.cpp
  Moc'ing QDirTableModel.h...
  moc: Cannot create .\GeneratedFiles\Release\moc_QDirTableModel.cpp
  Moc'ing QDirListModel.h...
  moc: Cannot create .\GeneratedFiles\Release\moc_QDirListModel.cpp
  Moc'ing QVhdListModel.h...
  moc: Cannot create .\GeneratedFiles\Release\moc_QVhdListModel.cpp
  Moc'ing QStudentRecordListModel.h...
  moc: Cannot create .\GeneratedFiles\Release\moc_QStudentRecordListModel.cpp
  Moc'ing QFileListModel.h...
  moc: Cannot create .\GeneratedFiles\Release\moc_QFileListModel.cpp
C:\Program Files (x86)\MSBuild\Microsoft.Cpp\v4.0\V120\Microsoft.CppCommon.targets(170,5): error MSB6006: "cmd.exe" exited with code 1.
